# JRE version: OpenJDK Runtime Environment (11.0.10) (build 11.0.10+0-b96-7249189)
# Java VM: OpenJDK 64-Bit Server VM (11.0.10+0-b96-7249189, mixed mode, tiered, compressed oops, g1 gc, windows-amd64)
Heap:
 garbage-first heap   total 199680K, used 131406K [0x0000000080000000, 0x0000000100000000)
  region size 1024K, 19 young (19456K), 3 survivors (3072K)
 Metaspace       used 128615K, capacity 132608K, committed 132940K, reserved 1165312K
  class space    used 16197K, capacity 17634K, committed 17740K, reserved 1048576K
GC Heap History (20 events):
Event: 3993.161 GC heap before
{Heap before GC invocations=164 (full 0):
 garbage-first heap   total 199680K, used 147022K [0x0000000080000000, 0x0000000100000000)
  region size 1024K, 43 young (44032K), 3 survivors (3072K)
 Metaspace       used 117908K, capacity 121518K, committed 121676K, reserved 1155072K
  class space    used 14980K, capacity 16341K, committed 16460K, reserved 1048576K
}
Event: 3993.197 GC heap after
{Heap after GC invocations=165 (full 0):
 garbage-first heap   total 199680K, used 111761K [0x0000000080000000, 0x0000000100000000)
  region size 1024K, 6 young (6144K), 6 survivors (6144K)
 Metaspace       used 117908K, capacity 121518K, committed 121676K, reserved 1155072K
  class space    used 14980K, capacity 16341K, committed 16460K, reserved 1048576K
}
Event: 3993.219 GC heap before
{Heap before GC invocations=165 (full 0):
 garbage-first heap   total 199680K, used 114833K [0x0000000080000000, 0x0000000100000000)
  region size 1024K, 9 young (9216K), 6 survivors (6144K)
 Metaspace       used 117920K, capacity 121518K, committed 121676K, reserved 1155072K
  class space    used 14980K, capacity 16341K, committed 16460K, reserved 1048576K
}
Event: 3993.269 GC heap after
{Heap after GC invocations=166 (full 0):
 garbage-first heap   total 199680K, used 103718K [0x0000000080000000, 0x0000000100000000)
  region size 1024K, 1 young (1024K), 1 survivors (1024K)
 Metaspace       used 117920K, capacity 121518K, committed 121676K, reserved 1155072K
  class space    used 14980K, capacity 16341K, committed 16460K, reserved 1048576K
}
Event: 3993.331 GC heap before
{Heap before GC invocations=166 (full 0):
 garbage-first heap   total 199680K, used 111910K [0x0000000080000000, 0x0000000100000000)
  region size 1024K, 9 young (9216K), 1 survivors (1024K)
 Metaspace       used 117954K, capacity 121518K, committed 121676K, reserved 1155072K
  class space    used 14980K, capacity 16341K, committed 16460K, reserved 1048576K
}
Event: 3993.344 GC heap after
{Heap after GC invocations=167 (full 0):
 garbage-first heap   total 199680K, used 104057K [0x0000000080000000, 0x0000000100000000)
  region size 1024K, 1 young (1024K), 1 survivors (1024K)
 Metaspace       used 117954K, capacity 121518K, committed 121676K, reserved 1155072K
  class space    used 14980K, capacity 16341K, committed 16460K, reserved 1048576K
}
Event: 3993.677 GC heap before
{Heap before GC invocations=167 (full 0):
 garbage-first heap   total 199680K, used 155257K [0x0000000080000000, 0x0000000100000000)
  region size 1024K, 51 young (52224K), 1 survivors (1024K)
 Metaspace       used 118013K, capacity 121582K, committed 121932K, reserved 1155072K
  class space    used 14980K, capacity 16341K, committed 16460K, reserved 1048576K
}
Event: 3993.684 GC heap after
{Heap after GC invocations=168 (full 0):
 garbage-first heap   total 199680K, used 105217K [0x0000000080000000, 0x0000000100000000)
  region size 1024K, 2 young (2048K), 2 survivors (2048K)
 Metaspace       used 118013K, capacity 121582K, committed 121932K, reserved 1155072K
  class space    used 14980K, capacity 16341K, committed 16460K, reserved 1048576K
}
Event: 3994.583 GC heap before
{Heap before GC invocations=169 (full 0):
 garbage-first heap   total 199680K, used 159489K [0x0000000080000000, 0x0000000100000000)
  region size 1024K, 53 young (54272K), 2 survivors (2048K)
 Metaspace       used 120385K, capacity 124081K, committed 124236K, reserved 1157120K
  class space    used 15253K, capacity 16636K, committed 16716K, reserved 1048576K
}
Event: 3994.601 GC heap after
{Heap after GC invocations=170 (full 0):
 garbage-first heap   total 199680K, used 110657K [0x0000000080000000, 0x0000000100000000)
  region size 1024K, 5 young (5120K), 5 survivors (5120K)
 Metaspace       used 120385K, capacity 124081K, committed 124236K, reserved 1157120K
  class space    used 15253K, capacity 16636K, committed 16716K, reserved 1048576K
}
Event: 3994.659 GC heap before
{Heap before GC invocations=170 (full 0):
 garbage-first heap   total 199680K, used 113729K [0x0000000080000000, 0x0000000100000000)
  region size 1024K, 9 young (9216K), 5 survivors (5120K)
 Metaspace       used 120604K, capacity 124292K, committed 124492K, reserved 1157120K
  class space    used 15265K, capacity 16640K, committed 16716K, reserved 1048576K
}
Event: 3994.702 GC heap after
{Heap after GC invocations=171 (full 0):
 garbage-first heap   total 199680K, used 105983K [0x0000000080000000, 0x0000000100000000)
  region size 1024K, 1 young (1024K), 1 survivors (1024K)
 Metaspace       used 120604K, capacity 124292K, committed 124492K, reserved 1157120K
  class space    used 15265K, capacity 16640K, committed 16716K, reserved 1048576K
}
Event: 3995.820 GC heap before
{Heap before GC invocations=171 (full 0):
 garbage-first heap   total 199680K, used 158207K [0x0000000080000000, 0x0000000100000000)
  region size 1024K, 53 young (54272K), 1 survivors (1024K)
 Metaspace       used 122055K, capacity 125936K, committed 126028K, reserved 1159168K
  class space    used 15468K, capacity 16887K, committed 16972K, reserved 1048576K
}
Event: 3995.838 GC heap after
{Heap after GC invocations=172 (full 0):
 garbage-first heap   total 199680K, used 110142K [0x0000000080000000, 0x0000000100000000)
  region size 1024K, 5 young (5120K), 5 survivors (5120K)
 Metaspace       used 122055K, capacity 125936K, committed 126028K, reserved 1159168K
  class space    used 15468K, capacity 16887K, committed 16972K, reserved 1048576K
}
Event: 3996.908 GC heap before
{Heap before GC invocations=173 (full 0):
 garbage-first heap   total 199680K, used 161342K [0x0000000080000000, 0x0000000100000000)
  region size 1024K, 55 young (56320K), 5 survivors (5120K)
 Metaspace       used 125059K, capacity 129082K, committed 129356K, reserved 1161216K
  class space    used 15885K, capacity 17357K, committed 17484K, reserved 1048576K
}
Event: 3996.919 GC heap after
{Heap after GC invocations=174 (full 0):
 garbage-first heap   total 199680K, used 113073K [0x0000000080000000, 0x0000000100000000)
  region size 1024K, 3 young (3072K), 3 survivors (3072K)
 Metaspace       used 125059K, capacity 129082K, committed 129356K, reserved 1161216K
  class space    used 15885K, capacity 17357K, committed 17484K, reserved 1048576K
}
Event: 3996.990 GC heap before
{Heap before GC invocations=174 (full 0):
 garbage-first heap   total 199680K, used 119217K [0x0000000080000000, 0x0000000100000000)
  region size 1024K, 9 young (9216K), 3 survivors (3072K)
 Metaspace       used 125263K, capacity 129322K, committed 129612K, reserved 1161216K
  class space    used 15906K, capacity 17393K, committed 17484K, reserved 1048576K
}
Event: 3996.999 GC heap after
{Heap after GC invocations=175 (full 0):
 garbage-first heap   total 199680K, used 112921K [0x0000000080000000, 0x0000000100000000)
  region size 1024K, 1 young (1024K), 1 survivors (1024K)
 Metaspace       used 125263K, capacity 129322K, committed 129612K, reserved 1161216K
  class space    used 15906K, capacity 17393K, committed 17484K, reserved 1048576K
}
Event: 3997.287 GC heap before
{Heap before GC invocations=175 (full 0):
 garbage-first heap   total 199680K, used 133401K [0x0000000080000000, 0x0000000100000000)
  region size 1024K, 22 young (22528K), 1 survivors (1024K)
 Metaspace       used 126427K, capacity 130493K, committed 130764K, reserved 1163264K
  class space    used 16043K, capacity 17506K, committed 17612K, reserved 1048576K
}
Event: 3997.299 GC heap after
{Heap after GC invocations=176 (full 0):
 garbage-first heap   total 199680K, used 115022K [0x0000000080000000, 0x0000000100000000)
  region size 1024K, 3 young (3072K), 3 survivors (3072K)
 Metaspace       used 126427K, capacity 130493K, committed 130764K, reserved 1163264K
  class space    used 16043K, capacity 17506K, committed 17612K, reserved 1048576K
}

