# JRE version: OpenJDK Runtime Environment (11.0.10) (build 11.0.10+0-b96-7249189)
# Java VM: OpenJDK 64-Bit Server VM (11.0.10+0-b96-7249189, mixed mode, tiered, compressed oops, g1 gc, windows-amd64)
Heap:
 garbage-first heap   total 787456K, used 277035K [0x0000000080000000, 0x0000000100000000)
  region size 1024K, 10 young (10240K), 10 survivors (10240K)
 Metaspace       used 143249K, capacity 148041K, committed 148352K, reserved 1177600K
  class space    used 18097K, capacity 19759K, committed 19840K, reserved 1048576K
GC Heap History (20 events):
Event: 657.961 GC heap after
{Heap after GC invocations=116 (full 0):
 garbage-first heap   total 514048K, used 329133K [0x0000000080000000, 0x0000000100000000)
  region size 1024K, 7 young (7168K), 7 survivors (7168K)
 Metaspace       used 143167K, capacity 148072K, committed 148352K, reserved 1177600K
  class space    used 18117K, capacity 19815K, committed 19840K, reserved 1048576K
}
Event: 658.347 GC heap before
{Heap before GC invocations=116 (full 0):
 garbage-first heap   total 514048K, used 434605K [0x0000000080000000, 0x0000000100000000)
  region size 1024K, 110 young (112640K), 7 survivors (7168K)
 Metaspace       used 143187K, capacity 148084K, committed 148352K, reserved 1177600K
  class space    used 18121K, capacity 19819K, committed 19840K, reserved 1048576K
}
Event: 658.356 GC heap after
{Heap after GC invocations=117 (full 0):
 garbage-first heap   total 514048K, used 330162K [0x0000000080000000, 0x0000000100000000)
  region size 1024K, 8 young (8192K), 8 survivors (8192K)
 Metaspace       used 143187K, capacity 148084K, committed 148352K, reserved 1177600K
  class space    used 18121K, capacity 19819K, committed 19840K, reserved 1048576K
}
Event: 658.675 GC heap before
{Heap before GC invocations=117 (full 0):
 garbage-first heap   total 514048K, used 438706K [0x0000000080000000, 0x0000000100000000)
  region size 1024K, 114 young (116736K), 8 survivors (8192K)
 Metaspace       used 143207K, capacity 148159K, committed 148352K, reserved 1177600K
  class space    used 18123K, capacity 19823K, committed 19840K, reserved 1048576K
}
Event: 658.686 GC heap after
{Heap after GC invocations=118 (full 0):
 garbage-first heap   total 514048K, used 331046K [0x0000000080000000, 0x0000000100000000)
  region size 1024K, 8 young (8192K), 8 survivors (8192K)
 Metaspace       used 143207K, capacity 148159K, committed 148352K, reserved 1177600K
  class space    used 18123K, capacity 19823K, committed 19840K, reserved 1048576K
}
Event: 659.054 GC heap before
{Heap before GC invocations=118 (full 0):
 garbage-first heap   total 514048K, used 441638K [0x0000000080000000, 0x0000000100000000)
  region size 1024K, 117 young (119808K), 8 survivors (8192K)
 Metaspace       used 143240K, capacity 148171K, committed 148352K, reserved 1177600K
  class space    used 18125K, capacity 19827K, committed 19840K, reserved 1048576K
}
Event: 659.064 GC heap after
{Heap after GC invocations=119 (full 0):
 garbage-first heap   total 514048K, used 332070K [0x0000000080000000, 0x0000000100000000)
  region size 1024K, 9 young (9216K), 9 survivors (9216K)
 Metaspace       used 143240K, capacity 148171K, committed 148352K, reserved 1177600K
  class space    used 18125K, capacity 19827K, committed 19840K, reserved 1048576K
}
Event: 659.429 GC heap before
{Heap before GC invocations=119 (full 0):
 garbage-first heap   total 514048K, used 444710K [0x0000000080000000, 0x0000000100000000)
  region size 1024K, 119 young (121856K), 9 survivors (9216K)
 Metaspace       used 143256K, capacity 148171K, committed 148352K, reserved 1177600K
  class space    used 18125K, capacity 19827K, committed 19840K, reserved 1048576K
}
Event: 659.469 GC heap after
{Heap after GC invocations=120 (full 0):
 garbage-first heap   total 514048K, used 332762K [0x0000000080000000, 0x0000000100000000)
  region size 1024K, 6 young (6144K), 6 survivors (6144K)
 Metaspace       used 143256K, capacity 148171K, committed 148352K, reserved 1177600K
  class space    used 18125K, capacity 19827K, committed 19840K, reserved 1048576K
}
Event: 660.017 GC heap before
{Heap before GC invocations=120 (full 0):
 garbage-first heap   total 514048K, used 447450K [0x0000000080000000, 0x0000000100000000)
  region size 1024K, 118 young (120832K), 6 survivors (6144K)
 Metaspace       used 143257K, capacity 148171K, committed 148352K, reserved 1177600K
  class space    used 18125K, capacity 19827K, committed 19840K, reserved 1048576K
}
Event: 660.104 GC heap after
{Heap after GC invocations=121 (full 0):
 garbage-first heap   total 514048K, used 332956K [0x0000000080000000, 0x0000000100000000)
  region size 1024K, 6 young (6144K), 6 survivors (6144K)
 Metaspace       used 143257K, capacity 148171K, committed 148352K, reserved 1177600K
  class space    used 18125K, capacity 19827K, committed 19840K, reserved 1048576K
}
Event: 660.869 GC heap before
{Heap before GC invocations=121 (full 0):
 garbage-first heap   total 514048K, used 448668K [0x0000000080000000, 0x0000000100000000)
  region size 1024K, 119 young (121856K), 6 survivors (6144K)
 Metaspace       used 143266K, capacity 148172K, committed 148352K, reserved 1177600K
  class space    used 18125K, capacity 19827K, committed 19840K, reserved 1048576K
}
Event: 660.891 GC heap after
{Heap after GC invocations=122 (full 0):
 garbage-first heap   total 514048K, used 334017K [0x0000000080000000, 0x0000000100000000)
  region size 1024K, 7 young (7168K), 7 survivors (7168K)
 Metaspace       used 143266K, capacity 148172K, committed 148352K, reserved 1177600K
  class space    used 18125K, capacity 19827K, committed 19840K, reserved 1048576K
}
Event: 661.434 GC heap before
{Heap before GC invocations=122 (full 0):
 garbage-first heap   total 514048K, used 448705K [0x0000000080000000, 0x0000000100000000)
  region size 1024K, 120 young (122880K), 7 survivors (7168K)
 Metaspace       used 143267K, capacity 148172K, committed 148352K, reserved 1177600K
  class space    used 18125K, capacity 19827K, committed 19840K, reserved 1048576K
}
Event: 661.446 GC heap after
{Heap after GC invocations=123 (full 0):
 garbage-first heap   total 514048K, used 334337K [0x0000000080000000, 0x0000000100000000)
  region size 1024K, 8 young (8192K), 8 survivors (8192K)
 Metaspace       used 143267K, capacity 148172K, committed 148352K, reserved 1177600K
  class space    used 18125K, capacity 19827K, committed 19840K, reserved 1048576K
}
Event: 662.011 GC heap before
{Heap before GC invocations=123 (full 0):
 garbage-first heap   total 514048K, used 451073K [0x0000000080000000, 0x0000000100000000)
  region size 1024K, 122 young (124928K), 8 survivors (8192K)
 Metaspace       used 143277K, capacity 148236K, committed 148352K, reserved 1177600K
  class space    used 18125K, capacity 19827K, committed 19840K, reserved 1048576K
}
Event: 662.024 GC heap after
{Heap after GC invocations=124 (full 0):
 garbage-first heap   total 514048K, used 335552K [0x0000000080000000, 0x0000000100000000)
  region size 1024K, 9 young (9216K), 9 survivors (9216K)
 Metaspace       used 143277K, capacity 148236K, committed 148352K, reserved 1177600K
  class space    used 18125K, capacity 19827K, committed 19840K, reserved 1048576K
}
Event: 662.534 GC heap before
{Heap before GC invocations=124 (full 0):
 garbage-first heap   total 514048K, used 451264K [0x0000000080000000, 0x0000000100000000)
  region size 1024K, 122 young (124928K), 9 survivors (9216K)
 Metaspace       used 143281K, capacity 148236K, committed 148352K, reserved 1177600K
  class space    used 18125K, capacity 19827K, committed 19840K, reserved 1048576K
}
Event: 662.567 GC heap after
{Heap after GC invocations=125 (full 0):
 garbage-first heap   total 514048K, used 335985K [0x0000000080000000, 0x0000000100000000)
  region size 1024K, 9 young (9216K), 9 survivors (9216K)
 Metaspace       used 143281K, capacity 148236K, committed 148352K, reserved 1177600K
  class space    used 18125K, capacity 19827K, committed 19840K, reserved 1048576K
}
Event: 665.623 GC heap before
{Heap before GC invocations=125 (full 0):
 garbage-first heap   total 514048K, used 391281K [0x0000000080000000, 0x0000000100000000)
  region size 1024K, 122 young (124928K), 9 survivors (9216K)
 Metaspace       used 143249K, capacity 148041K, committed 148352K, reserved 1177600K
  class space    used 18097K, capacity 19759K, committed 19840K, reserved 1048576K
}

