# JRE version: OpenJDK Runtime Environment (11.0.10) (build 11.0.10+0-b96-7249189)
# Java VM: OpenJDK 64-Bit Server VM (11.0.10+0-b96-7249189, mixed mode, tiered, compressed oops, g1 gc, windows-amd64)
Heap:
 garbage-first heap   total 199680K, used 141462K [0x0000000080000000, 0x0000000100000000)
  region size 1024K, 39 young (39936K), 4 survivors (4096K)
 Metaspace       used 103802K, capacity 106680K, committed 107008K, reserved 1142784K
  class space    used 13233K, capacity 14239K, committed 14336K, reserved 1048576K
GC Heap History (20 events):
Event: 13.661 GC heap before
{Heap before GC invocations=36 (full 0):
 garbage-first heap   total 165888K, used 94395K [0x0000000080000000, 0x0000000100000000)
  region size 1024K, 15 young (15360K), 6 survivors (6144K)
 Metaspace       used 77992K, capacity 79995K, committed 80256K, reserved 1118208K
  class space    used 10153K, capacity 10839K, committed 10880K, reserved 1048576K
}
Event: 13.668 GC heap after
{Heap after GC invocations=37 (full 0):
 garbage-first heap   total 165888K, used 87180K [0x0000000080000000, 0x0000000100000000)
  region size 1024K, 4 young (4096K), 4 survivors (4096K)
 Metaspace       used 77992K, capacity 79995K, committed 80256K, reserved 1118208K
  class space    used 10153K, capacity 10839K, committed 10880K, reserved 1048576K
}
Event: 14.442 GC heap before
{Heap before GC invocations=38 (full 0):
 garbage-first heap   total 165888K, used 126092K [0x0000000080000000, 0x0000000100000000)
  region size 1024K, 41 young (41984K), 4 survivors (4096K)
 Metaspace       used 83619K, capacity 85710K, committed 85888K, reserved 1124352K
  class space    used 10839K, capacity 11557K, committed 11648K, reserved 1048576K
}
Event: 14.448 GC heap after
{Heap after GC invocations=39 (full 0):
 garbage-first heap   total 199680K, used 88317K [0x0000000080000000, 0x0000000100000000)
  region size 1024K, 3 young (3072K), 3 survivors (3072K)
 Metaspace       used 83619K, capacity 85710K, committed 85888K, reserved 1124352K
  class space    used 10839K, capacity 11557K, committed 11648K, reserved 1048576K
}
Event: 15.419 GC heap before
{Heap before GC invocations=39 (full 0):
 garbage-first heap   total 199680K, used 139517K [0x0000000080000000, 0x0000000100000000)
  region size 1024K, 53 young (54272K), 3 survivors (3072K)
 Metaspace       used 87875K, capacity 90360K, committed 90496K, reserved 1128448K
  class space    used 11435K, capacity 12329K, committed 12416K, reserved 1048576K
}
Event: 15.427 GC heap after
{Heap after GC invocations=40 (full 0):
 garbage-first heap   total 199680K, used 90967K [0x0000000080000000, 0x0000000100000000)
  region size 1024K, 5 young (5120K), 5 survivors (5120K)
 Metaspace       used 87875K, capacity 90360K, committed 90496K, reserved 1128448K
  class space    used 11435K, capacity 12329K, committed 12416K, reserved 1048576K
}
Event: 16.509 GC heap before
{Heap before GC invocations=40 (full 0):
 garbage-first heap   total 199680K, used 143191K [0x0000000080000000, 0x0000000100000000)
  region size 1024K, 57 young (58368K), 5 survivors (5120K)
 Metaspace       used 88641K, capacity 91248K, committed 91392K, reserved 1128448K
  class space    used 11503K, capacity 12440K, committed 12544K, reserved 1048576K
}
Event: 16.518 GC heap after
{Heap after GC invocations=41 (full 0):
 garbage-first heap   total 199680K, used 94277K [0x0000000080000000, 0x0000000100000000)
  region size 1024K, 7 young (7168K), 7 survivors (7168K)
 Metaspace       used 88641K, capacity 91248K, committed 91392K, reserved 1128448K
  class space    used 11503K, capacity 12440K, committed 12544K, reserved 1048576K
}
Event: 17.512 GC heap before
{Heap before GC invocations=41 (full 0):
 garbage-first heap   total 199680K, used 147525K [0x0000000080000000, 0x0000000100000000)
  region size 1024K, 60 young (61440K), 7 survivors (7168K)
 Metaspace       used 93333K, capacity 96058K, committed 96128K, reserved 1132544K
  class space    used 12119K, capacity 13128K, committed 13184K, reserved 1048576K
}
Event: 17.521 GC heap after
{Heap after GC invocations=42 (full 0):
 garbage-first heap   total 199680K, used 97404K [0x0000000080000000, 0x0000000100000000)
  region size 1024K, 7 young (7168K), 7 survivors (7168K)
 Metaspace       used 93333K, capacity 96058K, committed 96128K, reserved 1132544K
  class space    used 12119K, capacity 13128K, committed 13184K, reserved 1048576K
}
Event: 1654.167 GC heap before
{Heap before GC invocations=42 (full 0):
 garbage-first heap   total 199680K, used 152700K [0x0000000080000000, 0x0000000100000000)
  region size 1024K, 61 young (62464K), 7 survivors (7168K)
 Metaspace       used 94655K, capacity 97502K, committed 97792K, reserved 1134592K
  class space    used 12242K, capacity 13260K, committed 13312K, reserved 1048576K
}
Event: 1654.467 GC heap after
{Heap after GC invocations=43 (full 0):
 garbage-first heap   total 199680K, used 98520K [0x0000000080000000, 0x0000000100000000)
  region size 1024K, 5 young (5120K), 5 survivors (5120K)
 Metaspace       used 94655K, capacity 97502K, committed 97792K, reserved 1134592K
  class space    used 12242K, capacity 13260K, committed 13312K, reserved 1048576K
}
Event: 1669.152 GC heap before
{Heap before GC invocations=44 (full 0):
 garbage-first heap   total 199680K, used 154840K [0x0000000080000000, 0x0000000100000000)
  region size 1024K, 61 young (62464K), 5 survivors (5120K)
 Metaspace       used 96754K, capacity 99592K, committed 99840K, reserved 1136640K
  class space    used 12441K, capacity 13439K, committed 13568K, reserved 1048576K
}
Event: 1669.190 GC heap after
{Heap after GC invocations=45 (full 0):
 garbage-first heap   total 199680K, used 104149K [0x0000000080000000, 0x0000000100000000)
  region size 1024K, 8 young (8192K), 8 survivors (8192K)
 Metaspace       used 96754K, capacity 99592K, committed 99840K, reserved 1136640K
  class space    used 12441K, capacity 13439K, committed 13568K, reserved 1048576K
}
Event: 1669.775 GC heap before
{Heap before GC invocations=45 (full 0):
 garbage-first heap   total 199680K, used 139989K [0x0000000080000000, 0x0000000100000000)
  region size 1024K, 45 young (46080K), 8 survivors (8192K)
 Metaspace       used 97930K, capacity 100836K, committed 100992K, reserved 1136640K
  class space    used 12544K, capacity 13568K, committed 13696K, reserved 1048576K
}
Event: 1669.856 GC heap after
{Heap after GC invocations=46 (full 0):
 garbage-first heap   total 199680K, used 106974K [0x0000000080000000, 0x0000000100000000)
  region size 1024K, 3 young (3072K), 3 survivors (3072K)
 Metaspace       used 97930K, capacity 100836K, committed 100992K, reserved 1136640K
  class space    used 12544K, capacity 13568K, committed 13696K, reserved 1048576K
}
Event: 1670.924 GC heap before
{Heap before GC invocations=47 (full 0):
 garbage-first heap   total 199680K, used 157150K [0x0000000080000000, 0x0000000100000000)
  region size 1024K, 50 young (51200K), 3 survivors (3072K)
 Metaspace       used 99376K, capacity 102181K, committed 102400K, reserved 1138688K
  class space    used 12681K, capacity 13666K, committed 13824K, reserved 1048576K
}
Event: 1670.932 GC heap after
{Heap after GC invocations=48 (full 0):
 garbage-first heap   total 199680K, used 107062K [0x0000000080000000, 0x0000000100000000)
  region size 1024K, 4 young (4096K), 4 survivors (4096K)
 Metaspace       used 99376K, capacity 102181K, committed 102400K, reserved 1138688K
  class space    used 12681K, capacity 13666K, committed 13824K, reserved 1048576K
}
Event: 1671.801 GC heap before
{Heap before GC invocations=48 (full 0):
 garbage-first heap   total 199680K, used 155190K [0x0000000080000000, 0x0000000100000000)
  region size 1024K, 52 young (53248K), 4 survivors (4096K)
 Metaspace       used 102623K, capacity 105484K, committed 105600K, reserved 1140736K
  class space    used 13107K, capacity 14101K, committed 14208K, reserved 1048576K
}
Event: 1671.830 GC heap after
{Heap after GC invocations=49 (full 0):
 garbage-first heap   total 199680K, used 107670K [0x0000000080000000, 0x0000000100000000)
  region size 1024K, 4 young (4096K), 4 survivors (4096K)
 Metaspace       used 102623K, capacity 105484K, committed 105600K, reserved 1140736K
  class space    used 13107K, capacity 14101K, committed 14208K, reserved 1048576K
}

